#
# There is insufficient memory for the Java Runtime Environment to continue.
# Native memory allocation (malloc) failed to allocate 32744 bytes for ChunkPool::allocate
# Possible reasons:
#   The system is out of physical RAM or swap space
#   The process is running with CompressedOops enabled, and the Java Heap may be blocking the growth of the native heap
# Possible solutions:
#   Reduce memory load on the system
#   Increase physical memory or swap space
#   Check if swap backing store is full
#   Decrease Java heap size (-Xmx/-Xms)
#   Decrease number of Java threads
#   Decrease Java thread stack sizes (-Xss)
#   Set larger code cache with -XX:ReservedCodeCacheSize=
#   JVM is running with Unscaled Compressed Oops mode in which the Java heap is
#     placed in the first 4GB address space. The Java Heap base address is the
#     maximum limit for the native heap growth. Please use -XX:HeapBaseMinAddress
#     to set the Java Heap base and to place the Java Heap above 4GB virtual address.
# This output file may be truncated or incomplete.
#
#  Out of Memory Error (allocation.cpp:272), pid=14960, tid=0x0000000000002fcc
#
# JRE version: Java(TM) SE Runtime Environment (8.0_291-b10) (build 1.8.0_291-b10)
# Java VM: Java HotSpot(TM) 64-Bit Server VM (25.291-b10 mixed mode windows-amd64 compressed oops)
# Failed to write core dump. Minidumps are not enabled by default on client versions of Windows
#

---------------  T H R E A D  ---------------

Current thread (0x000001a356a23000):  JavaThread "C2 CompilerThread2" daemon [_thread_in_native, id=12236, stack(0x0000006b63400000,0x0000006b63500000)]

Stack: [0x0000006b63400000,0x0000006b63500000]
Native frames: (J=compiled Java code, j=interpreted, Vv=VM code, C=native code)
V  [jvm.dll+0x32ea19]


Current CompileTask:
C2:    515  574   !   4       sun.misc.URLClassPath$JarLoader::getResource (85 bytes)


---------------  P R O C E S S  ---------------

Java Threads: ( => current thread )
  0x000001a3588d0800 JavaThread "Service Thread" daemon [_thread_blocked, id=11576, stack(0x0000006b63600000,0x0000006b63700000)]
  0x000001a356a2d800 JavaThread "C1 CompilerThread3" daemon [_thread_blocked, id=17368, stack(0x0000006b63500000,0x0000006b63600000)]
=>0x000001a356a23000 JavaThread "C2 CompilerThread2" daemon [_thread_in_native, id=12236, stack(0x0000006b63400000,0x0000006b63500000)]
  0x000001a356a1a800 JavaThread "C2 CompilerThread1" daemon [_thread_in_native, id=16264, stack(0x0000006b63300000,0x0000006b63400000)]
  0x000001a356a14800 JavaThread "C2 CompilerThread0" daemon [_thread_in_native, id=19252, stack(0x0000006b63200000,0x0000006b63300000)]
  0x000001a356a13800 JavaThread "Attach Listener" daemon [_thread_blocked, id=10904, stack(0x0000006b63100000,0x0000006b63200000)]
  0x000001a356a10800 JavaThread "Signal Dispatcher" daemon [_thread_blocked, id=10956, stack(0x0000006b63000000,0x0000006b63100000)]
  0x000001a3569ef000 JavaThread "Finalizer" daemon [_thread_blocked, id=19972, stack(0x0000006b62f00000,0x0000006b63000000)]
  0x000001a3569e0000 JavaThread "Reference Handler" daemon [_thread_blocked, id=3468, stack(0x0000006b62e00000,0x0000006b62f00000)]
  0x000001a34503c800 JavaThread "main" [_thread_in_vm, id=16904, stack(0x0000006b62400000,0x0000006b62500000)]

Other Threads:
  0x000001a3569b7000 VMThread [stack: 0x0000006b62d00000,0x0000006b62e00000] [id=11604]
  0x000001a3588e1000 WatcherThread [stack: 0x0000006b63700000,0x0000006b63800000] [id=16188]

VM state:not at safepoint (normal execution)

VM Mutex/Monitor currently owned by a thread: None

heap address: 0x00000000fc000000, size: 64 MB, Compressed Oops mode: 32-bit
Narrow klass base: 0x0000000000000000, Narrow klass shift: 3
Compressed class space size: 1073741824 Address: 0x0000000100000000

Heap:
 PSYoungGen      total 18944K, used 3027K [0x00000000feb00000, 0x0000000100000000, 0x0000000100000000)
  eden space 16384K, 3% used [0x00000000feb00000,0x00000000feb7af00,0x00000000ffb00000)
  from space 2560K, 99% used [0x00000000ffb00000,0x00000000ffd79d38,0x00000000ffd80000)
  to   space 2560K, 0% used [0x00000000ffd80000,0x00000000ffd80000,0x0000000100000000)
 ParOldGen       total 44032K, used 94K [0x00000000fc000000, 0x00000000feb00000, 0x00000000feb00000)
  object space 44032K, 0% used [0x00000000fc000000,0x00000000fc017890,0x00000000feb00000)
 Metaspace       used 6291K, capacity 6494K, committed 6784K, reserved 1056768K
  class space    used 748K, capacity 845K, committed 896K, reserved 1048576K

Card table byte_map: [0x000001a355d10000,0x000001a355d40000] byte_map_base: 0x000001a355530000

Marking Bits: (ParMarkBitMap*) 0x000000006d3c7fe0
 Begin Bits: [0x000001a355d60000, 0x000001a355e60000)
 End Bits:   [0x000001a355e60000, 0x000001a355f60000)

Polling page: 0x000001a346920000

CodeCache: size=245760Kb used=2507Kb max_used=2507Kb free=243252Kb
 bounds [0x000001a346950000, 0x000001a346bd0000, 0x000001a355950000]
 total_blobs=882 nmethods=590 adapters=205
 compilation: enabled

Compilation events (10 events):
Event: 0.510 Thread 0x000001a356a2d800 nmethod 579 0x000001a346bbf950 code [0x000001a346bbfaa0, 0x000001a346bbfc18]
Event: 0.510 Thread 0x000001a356a2d800  580       3       java.lang.ref.Finalizer::access$000 (4 bytes)
Event: 0.510 Thread 0x000001a356a2d800 nmethod 580 0x000001a346bbfc90 code [0x000001a346bbfde0, 0x000001a346bbff18]
Event: 0.510 Thread 0x000001a356a2d800  581       3       java.lang.ref.ReferenceQueue::remove (6 bytes)
Event: 0.510 Thread 0x000001a356a2d800 nmethod 581 0x000001a346bbff90 code [0x000001a346bc0100, 0x000001a346bc0310]
Event: 0.510 Thread 0x000001a356a2d800  582   !   3       java.lang.ref.ReferenceQueue::remove (125 bytes)
Event: 0.511 Thread 0x000001a356a2d800 nmethod 582 0x000001a346bc0390 code [0x000001a346bc0560, 0x000001a346bc0e20]
Event: 0.511 Thread 0x000001a356a2d800  589  s    3       java.util.Hashtable::put (104 bytes)
Event: 0.512 Thread 0x000001a356a2d800 nmethod 589 0x000001a346bc1210 code [0x000001a346bc13e0, 0x000001a346bc1b80]
Event: 0.512 Thread 0x000001a356a2d800  590       3       java.util.Hashtable::addEntry (87 bytes)

GC Heap History (2 events):
Event: 0.501 GC heap before
{Heap before GC invocations=1 (full 0):
 PSYoungGen      total 18944K, used 16384K [0x00000000feb00000, 0x0000000100000000, 0x0000000100000000)
  eden space 16384K, 100% used [0x00000000feb00000,0x00000000ffb00000,0x00000000ffb00000)
  from space 2560K, 0% used [0x00000000ffd80000,0x00000000ffd80000,0x0000000100000000)
  to   space 2560K, 0% used [0x00000000ffb00000,0x00000000ffb00000,0x00000000ffd80000)
 ParOldGen       total 44032K, used 0K [0x00000000fc000000, 0x00000000feb00000, 0x00000000feb00000)
  object space 44032K, 0% used [0x00000000fc000000,0x00000000fc000000,0x00000000feb00000)
 Metaspace       used 6066K, capacity 6270K, committed 6528K, reserved 1056768K
  class space    used 722K, capacity 813K, committed 896K, reserved 1048576K
Event: 0.505 GC heap after
Heap after GC invocations=1 (full 0):
 PSYoungGen      total 18944K, used 2535K [0x00000000feb00000, 0x0000000100000000, 0x0000000100000000)
  eden space 16384K, 0% used [0x00000000feb00000,0x00000000feb00000,0x00000000ffb00000)
  from space 2560K, 99% used [0x00000000ffb00000,0x00000000ffd79d38,0x00000000ffd80000)
  to   space 2560K, 0% used [0x00000000ffd80000,0x00000000ffd80000,0x0000000100000000)
 ParOldGen       total 44032K, used 94K [0x00000000fc000000, 0x00000000feb00000, 0x00000000feb00000)
  object space 44032K, 0% used [0x00000000fc000000,0x00000000fc017890,0x00000000feb00000)
 Metaspace       used 6066K, capacity 6270K, committed 6528K, reserved 1056768K
  class space    used 722K, capacity 813K, committed 896K, reserved 1048576K
}

Deoptimization events (1 events):
Event: 0.348 Thread 0x000001a34503c800 Uncommon trap: reason=unstable_if action=reinterpret pc=0x000001a346b0e2f8 method=java.lang.String.startsWith(Ljava/lang/String;I)Z @ 25

Classes redefined (0 events):
No events

Internal exceptions (8 events):
Event: 0.027 Thread 0x000001a34503c800 Exception <a 'java/lang/NoSuchMethodError': Method sun.misc.Unsafe.defineClass(Ljava/lang/String;[BII)Ljava/lang/Class; name or signature does not match> (0x00000000feb07cc0) thrown at [C:\jenkins\workspace\8-2-build-windows-amd64-cygwin\jdk8u291\1294\hot
Event: 0.028 Thread 0x000001a34503c800 Exception <a 'java/lang/NoSuchMethodError': Method sun.misc.Unsafe.prefetchRead(Ljava/lang/Object;J)V name or signature does not match> (0x00000000feb07fa8) thrown at [C:\jenkins\workspace\8-2-build-windows-amd64-cygwin\jdk8u291\1294\hotspot\src\share\vm\
Event: 0.191 Thread 0x000001a34503c800 Exception <a 'java/lang/NoSuchFieldError': method resolution failed> (0x00000000fee49da8) thrown at [C:\jenkins\workspace\8-2-build-windows-amd64-cygwin\jdk8u291\1294\hotspot\src\share\vm\prims\methodHandles.cpp, line 1169]
Event: 0.193 Thread 0x000001a34503c800 Exception <a 'java/lang/NoSuchFieldError': method resolution failed> (0x00000000fee57360) thrown at [C:\jenkins\workspace\8-2-build-windows-amd64-cygwin\jdk8u291\1294\hotspot\src\share\vm\prims\methodHandles.cpp, line 1169]
Event: 0.334 Thread 0x000001a34503c800 Exception <a 'java/security/PrivilegedActionException'> (0x00000000ff5f2200) thrown at [C:\jenkins\workspace\8-2-build-windows-amd64-cygwin\jdk8u291\1294\hotspot\src\share\vm\prims\jvm.cpp, line 1523]
Event: 0.334 Thread 0x000001a34503c800 Exception <a 'java/security/PrivilegedActionException'> (0x00000000ff5f2410) thrown at [C:\jenkins\workspace\8-2-build-windows-amd64-cygwin\jdk8u291\1294\hotspot\src\share\vm\prims\jvm.cpp, line 1523]
Event: 0.334 Thread 0x000001a34503c800 Exception <a 'java/security/PrivilegedActionException'> (0x00000000ff5f6320) thrown at [C:\jenkins\workspace\8-2-build-windows-amd64-cygwin\jdk8u291\1294\hotspot\src\share\vm\prims\jvm.cpp, line 1523]
Event: 0.334 Thread 0x000001a34503c800 Exception <a 'java/security/PrivilegedActionException'> (0x00000000ff5f6530) thrown at [C:\jenkins\workspace\8-2-build-windows-amd64-cygwin\jdk8u291\1294\hotspot\src\share\vm\prims\jvm.cpp, line 1523]

Events (10 events):
Event: 0.510 loading class java/util/logging/LogManager$3 done
Event: 0.511 loading class java/util/logging/LogManager$LoggerWeakRef
Event: 0.511 loading class java/util/logging/LogManager$LoggerWeakRef done
Event: 0.511 loading class java/util/logging/LogManager$LoggerContext$1
Event: 0.511 loading class java/util/logging/LogManager$LoggerContext$1 done
Event: 0.512 loading class sun/util/logging/PlatformLogger
Event: 0.512 loading class sun/util/logging/PlatformLogger done
Event: 0.512 loading class sun/util/logging/PlatformLogger$Level
Event: 0.512 loading class sun/util/logging/PlatformLogger$Level done
Event: 0.512 loading class sun/util/logging/PlatformLogger$1


Dynamic libraries:
0x00007ff79de30000 - 0x00007ff79de77000 	C:\Program Files\Java\jdk1.8.0_291\bin\java.exe
0x00007fffc1500000 - 0x00007fffc1707000 	C:\WINDOWS\System32\IMM32.DLL
0x00007fffc06c0000 - 0x00007fffc077d000 	C:\WINDOWS\System32\KERNEL32.DLL
0x00007fffbef70000 - 0x00007fffbf2e4000 	C:\WINDOWS\System32\KERNELBASE.dll
0x00007fffc12f0000 - 0x00007fffc139c000 	C:\Program Files\Java\jdk1.8.0_291\jre\bin\msvcp140.dll
0x00007fffc0f90000 - 0x00007fffc1033000 	C:\WINDOWS\System32\msvcrt.dll
0x00007fffc0ef0000 - 0x00007fffc0f8d000 	C:\WINDOWS\System32\sechost.dll
0x00007fffc0780000 - 0x00007fffc08a1000 	C:\WINDOWS\System32\RPCRT4.dll
0x00007fffbff40000 - 0x00007fffc00ec000 	C:\WINDOWS\SYSTEM32\WINMM.dll
0x00007fffbef40000 - 0x00007fffbef66000 	C:\WINDOWS\System32\win32u.dll
0x00007fffc1490000 - 0x00007fffc14b9000 	C:\WINDOWS\System32\GDI32.dll
0x00007fffbee20000 - 0x00007fffbef32000 	C:\WINDOWS\System32\gdi32full.dll
0x00007fffbf2f0000 - 0x00007fffbf38d000 	C:\WINDOWS\System32\msvcp_win.dll
0x00007fffbec90000 - 0x00007fffbeda1000 	C:\WINDOWS\System32\ucrtbase.dll
0x00007fffa2540000 - 0x00007fffa27e5000 	C:\WINDOWS\WinSxS\amd64_microsoft.windows.common-controls_6595b64144ccf1df_6.0.22000.120_none_9d947278b86cc467\COMCTL32.dll
0x00007fffbfb40000 - 0x00007fffbfb71000 	C:\Program Files\Java\jdk1.8.0_291\jre\bin\verify.dll
0x00007fffa92f0000 - 0x00007fffa9305000 	C:\Program Files\Java\jdk1.8.0_291\jre\bin\java.dll
0x00007fffa9250000 - 0x00007fffa92eb000 	C:\Program Files\Java\jdk1.8.0_291\jre\bin\zip.dll
0x000000006cbe0000 - 0x000000006d440000 	C:\Program Files\Java\jdk1.8.0_291\jre\bin\server\jvm.dll
0x00007fffc0550000 - 0x00007fffc0558000 	C:\WINDOWS\SYSTEM32\ntdll.dll
0x00007fffb53b0000 - 0x00007fffb53e3000 	C:\WINDOWS\System32\ADVAPI32.dll
0x00007fff9a020000 - 0x00007fff9a029000 	C:\WINDOWS\System32\RPCRT4.dll
0x00007fffb4990000 - 0x00007fffb499a000 	C:\WINDOWS\SYSTEM32\VERSION.dll
0x00007fffc0e80000 - 0x00007fffc0eef000 	C:\WINDOWS\System32\WS2_32.dll
0x00007fffbdb90000 - 0x00007fffbdba8000 	C:\WINDOWS\System32\ucrtbase.dll
0x00007fffb6ad0000 - 0x00007fffb6ae0000 	C:\WINDOWS\System32\IMM32.DLL
0x00007fffa9220000 - 0x00007fffa924b000 	C:\Program Files\Java\jdk1.8.0_291\jre\bin\java.dll
0x00007fffa9200000 - 0x00007fffa9218000 	C:\Program Files\Java\jdk1.8.0_291\jre\bin\server\jvm.dll
0x00007fffbf390000 - 0x00007fffbfb3a000 	C:\WINDOWS\SYSTEM32\WINMM.dll
0x00007fffbcb90000 - 0x00007fffbd3f2000 	C:\WINDOWS\SYSTEM32\WSOCK32.dll
0x00007fffc00f0000 - 0x00007fffc0468000 	C:\WINDOWS\System32\combase.dll
0x00007fffbca20000 - 0x00007fffbcb86000 	C:\WINDOWS\SYSTEM32\kernel.appcore.dll
0x00007fffc13a0000 - 0x00007fffc148a000 	C:\WINDOWS\System32\SHCORE.dll
0x00007fffc08c0000 - 0x00007fffc091d000 	C:\Program Files\Java\jdk1.8.0_291\jre\bin\zip.dll
0x00007fffbe910000 - 0x00007fffbe931000 	C:\Program Files\Java\jdk1.8.0_291\bin\java.exe
0x00007fffa91e0000 - 0x00007fffa91fc000 	C:\WINDOWS\System32\sechost.dll
0x00007fffbe000000 - 0x00007fffbe067000 	C:\WINDOWS\System32\GDI32.dll
0x00007fffa91c0000 - 0x00007fffa91d3000 	C:\WINDOWS\System32\ucrtbase.dll

VM Arguments:
jvm_args: -Xmx64m -Xms64m -Dorg.gradle.appname=gradlew 
java_command: org.gradle.wrapper.GradleWrapperMain app:installDebug -PreactNativeDevServerPort=8081
java_class_path (initial): D:\rn-projects\igniteapp\android\\gradle\wrapper\gradle-wrapper.jar
Launcher Type: SUN_STANDARD

Environment Variables:
JAVA_HOME=C:\Program Files\Java\jdk1.8.0_291
CLASSPATH=D:\rn-projects\igniteapp\android\\gradle\wrapper\gradle-wrapper.jar
PATH=D:\rn-projects\igniteapp\android\node_modules\.bin;D:\rn-projects\igniteapp\node_modules\.bin;D:\rn-projects\node_modules\.bin;D:\node_modules\.bin;C:\Program Files\nodejs;C:\Users\HP\AppData\Local\Temp\yarn--1634909572217-0.43281864972400097;D:\rn-projects\igniteapp\node_modules\.bin;C:\Users\HP\AppData\Local\Yarn\Data\link\node_modules\.bin;C:\Users\HP\AppData\Local\Yarn\bin;C:\Program Files\libexec\lib\node_modules\npm\bin\node-gyp-bin;C:\Program Files\lib\node_modules\npm\bin\node-gyp-bin;C:\Program Files\nodejs\node_modules\npm\bin\node-gyp-bin;C:\Users\HP\bin;C:\Program Files\Git\usr\local\bin;C:\Program Files\Git\usr\bin;C:\Program Files\Git\usr\bin;C:\Program Files\Git\opt\bin;C:\Users\HP\AppData\Local\Programs\Python\Python39\Scripts;C:\Users\HP\AppData\Local\Programs\Python\Python39;C:\Program Files (x86)\Common Files\Oracle\Java\javapath;C:\windows\system32;C:\windows;C:\windows\System32\Wbem;C:\windows\System32\WindowsPowerShell\v1.0;C:\windows\System32\OpenSSH;C:\Program Files (x86)\NVIDIA Corporation\PhysX\Common;C:\Program Files\NVIDIA Corporation\NVIDIA NvDLISR;C:\Program Files\Amazon\AWSCLIV2;C:\Program Files\Git\cmd;C:\TDM-GCC-64\bin;C:\Program Files\Java\jdk1.8.0_291\bin;C:\ProgramData\chocolatey\bin;C:\Program Files\nodejs;C:\WINDOWS\system32;C:\WINDOWS;C:\WINDOWS\System32\Wbem;C:\WINDOWS\System32\WindowsPowerShell\v1.0;C:\WINDOWS\System32\OpenSSH;C:\Users\HP\AppData\Local\Microsoft\WindowsApps;C:\Users\HP\AppData\Local\Programs\Microsoft VS Code\bin;C:\Program Files\PostgreSQL\13\bin;C:\Program Files\MongoDB\Server\4.4\bin;D:\android_sdk_location\platform-tools;D:\android_sdk_location\tools;C:\Users\HP\AppData\Roaming\npm;C:\Program Files\Git\usr\bin\vendor_perl;C:\Program Files\Git\usr\bin\core_perl
USERNAME=HP
SHELL=C:\Program Files\Git\usr\bin\bash.exe
OS=Windows_NT
PROCESSOR_IDENTIFIER=Intel64 Family 6 Model 140 Stepping 1, GenuineIntel



---------------  S Y S T E M  ---------------

OS: Windows 10.0 , 64 bit Build 22000 (10.0.22000.282)

CPU:total 8 (initial active 8) (4 cores per cpu, 2 threads per core) family 6 model 140 stepping 1, cmov, cx8, fxsr, mmx, sse, sse2, sse3, ssse3, sse4.1, sse4.2, popcnt, avx, avx2, aes, clmul, erms, 3dnowpref, lzcnt, ht, tsc, tscinvbit, bmi1, bmi2, adx

Memory: 4k page, physical 16537592k(3351368k free), swap 16537592k(2056k free)

vm_info: Java HotSpot(TM) 64-Bit Server VM (25.291-b10) for windows-amd64 JRE (1.8.0_291-b10), built on Apr  9 2021 00:02:00 by "java_re" with MS VC++ 15.9 (VS2017)

time: Fri Oct 22 19:02:58 2021
timezone: India Standard Time
elapsed time: 0.521225 seconds (0d 0h 0m 0s)

